0 info it worked if it ends with ok
1 verbose cli [ 'C:\\Program Files\\nodejs\\node.exe',
1 verbose cli   'C:\\Users\\Kamil\\AppData\\Roaming\\npm\\node_modules\\npm\\bin\\npm-cli.js',
1 verbose cli   'install',
1 verbose cli   'types@react-redux' ]
2 info using npm@3.10.8
3 info using node@v6.9.4
4 silly loadCurrentTree Starting
5 silly install loadCurrentTree
6 silly install readLocalPackageData
7 silly fetchPackageMetaData types@react-redux
8 silly fetchNamedPackageData types
9 silly mapToRegistry name types
10 silly mapToRegistry using default registry
11 silly mapToRegistry registry https://registry.npmjs.org/
12 silly mapToRegistry data Result {
12 silly mapToRegistry   raw: 'types',
12 silly mapToRegistry   scope: null,
12 silly mapToRegistry   escapedName: 'types',
12 silly mapToRegistry   name: 'types',
12 silly mapToRegistry   rawSpec: '',
12 silly mapToRegistry   spec: 'latest',
12 silly mapToRegistry   type: 'tag' }
13 silly mapToRegistry uri https://registry.npmjs.org/types
14 verbose request uri https://registry.npmjs.org/types
15 verbose request no auth needed
16 info attempt registry request try #1 at 04:41:10
17 verbose request id 0cf281b97f357516
18 verbose etag W/"50577387-1064"
19 verbose lastModified Mon, 17 Sep 2012 19:01:27 GMT
20 http request GET https://registry.npmjs.org/types
21 http 304 https://registry.npmjs.org/types
22 verbose headers { date: 'Sat, 14 Jan 2017 03:41:10 GMT',
22 verbose headers   via: '1.1 varnish',
22 verbose headers   'cache-control': 'max-age=300',
22 verbose headers   etag: 'W/"50577387-1064"',
22 verbose headers   age: '0',
22 verbose headers   connection: 'keep-alive',
22 verbose headers   'x-served-by': 'cache-hhn1533-HHN',
22 verbose headers   'x-cache': 'HIT',
22 verbose headers   'x-cache-hits': '1',
22 verbose headers   'x-timer': 'S1484365270.781087,VS0,VE42',
22 verbose headers   vary: 'Accept-Encoding' }
23 silly get cb [ 304,
23 silly get   { date: 'Sat, 14 Jan 2017 03:41:10 GMT',
23 silly get     via: '1.1 varnish',
23 silly get     'cache-control': 'max-age=300',
23 silly get     etag: 'W/"50577387-1064"',
23 silly get     age: '0',
23 silly get     connection: 'keep-alive',
23 silly get     'x-served-by': 'cache-hhn1533-HHN',
23 silly get     'x-cache': 'HIT',
23 silly get     'x-cache-hits': '1',
23 silly get     'x-timer': 'S1484365270.781087,VS0,VE42',
23 silly get     vary: 'Accept-Encoding' } ]
24 verbose etag https://registry.npmjs.org/types from cache
25 verbose get saving types to C:\Users\Kamil\AppData\Roaming\npm-cache\registry.npmjs.org\types\.cache.json
26 verbose correctMkdir C:\Users\Kamil\AppData\Roaming\npm-cache correctMkdir not in flight; initializing
27 silly fetchNamedPackageData No valid target from cache, forcing network
28 verbose request uri https://registry.npmjs.org/types
29 verbose request no auth needed
30 info attempt registry request try #1 at 04:41:10
31 http request GET https://registry.npmjs.org/types
32 http 200 https://registry.npmjs.org/types
33 verbose headers { server: 'nginx/1.10.1',
33 verbose headers   'content-type': 'application/json',
33 verbose headers   'last-modified': 'Mon, 17 Sep 2012 19:01:27 GMT',
33 verbose headers   etag: 'W/"50577387-1064"',
33 verbose headers   'content-encoding': 'gzip',
33 verbose headers   'cache-control': 'max-age=300',
33 verbose headers   'content-length': '1129',
33 verbose headers   'accept-ranges': 'bytes',
33 verbose headers   date: 'Sat, 14 Jan 2017 03:41:10 GMT',
33 verbose headers   via: '1.1 varnish',
33 verbose headers   age: '0',
33 verbose headers   connection: 'keep-alive',
33 verbose headers   'x-served-by': 'cache-hhn1533-HHN',
33 verbose headers   'x-cache': 'HIT',
33 verbose headers   'x-cache-hits': '2',
33 verbose headers   'x-timer': 'S1484365270.877412,VS0,VE0',
33 verbose headers   vary: 'Accept-Encoding' }
34 silly get cb [ 200,
34 silly get   { server: 'nginx/1.10.1',
34 silly get     'content-type': 'application/json',
34 silly get     'last-modified': 'Mon, 17 Sep 2012 19:01:27 GMT',
34 silly get     etag: 'W/"50577387-1064"',
34 silly get     'content-encoding': 'gzip',
34 silly get     'cache-control': 'max-age=300',
34 silly get     'content-length': '1129',
34 silly get     'accept-ranges': 'bytes',
34 silly get     date: 'Sat, 14 Jan 2017 03:41:10 GMT',
34 silly get     via: '1.1 varnish',
34 silly get     age: '0',
34 silly get     connection: 'keep-alive',
34 silly get     'x-served-by': 'cache-hhn1533-HHN',
34 silly get     'x-cache': 'HIT',
34 silly get     'x-cache-hits': '2',
34 silly get     'x-timer': 'S1484365270.877412,VS0,VE0',
34 silly get     vary: 'Accept-Encoding' } ]
35 verbose get saving types to C:\Users\Kamil\AppData\Roaming\npm-cache\registry.npmjs.org\types\.cache.json
36 verbose correctMkdir C:\Users\Kamil\AppData\Roaming\npm-cache correctMkdir not in flight; initializing
37 silly fetchPackageMetaData Error: No compatible version found: types@react-redux
37 silly fetchPackageMetaData Valid install targets:
37 silly fetchPackageMetaData 0.1.1, 0.1.0, 0.0.1
37 silly fetchPackageMetaData
37 silly fetchPackageMetaData     at pickVersionFromRegistryDocument (C:\Users\Kamil\AppData\Roaming\npm\node_modules\npm\lib\fetch-package-metadata.js:178:16)
37 silly fetchPackageMetaData     at C:\Users\Kamil\AppData\Roaming\npm\node_modules\npm\node_modules\iferr\index.js:13:50
37 silly fetchPackageMetaData     at C:\Users\Kamil\AppData\Roaming\npm\node_modules\npm\lib\utils\pulse-till-done.js:20:8
37 silly fetchPackageMetaData     at saved (C:\Users\Kamil\AppData\Roaming\npm\node_modules\npm\lib\cache\caching-client.js:174:7)
37 silly fetchPackageMetaData     at C:\Users\Kamil\AppData\Roaming\npm\node_modules\npm\node_modules\graceful-fs\polyfills.js:233:18
37 silly fetchPackageMetaData     at FSReqWrap.oncomplete (fs.js:123:15)
37 silly fetchPackageMetaData  error for types@react-redux { Error: No compatible version found: types@react-redux
37 silly fetchPackageMetaData Valid install targets:
37 silly fetchPackageMetaData 0.1.1, 0.1.0, 0.0.1
37 silly fetchPackageMetaData
37 silly fetchPackageMetaData     at pickVersionFromRegistryDocument (C:\Users\Kamil\AppData\Roaming\npm\node_modules\npm\lib\fetch-package-metadata.js:178:16)
37 silly fetchPackageMetaData     at C:\Users\Kamil\AppData\Roaming\npm\node_modules\npm\node_modules\iferr\index.js:13:50
37 silly fetchPackageMetaData     at C:\Users\Kamil\AppData\Roaming\npm\node_modules\npm\lib\utils\pulse-till-done.js:20:8
37 silly fetchPackageMetaData     at saved (C:\Users\Kamil\AppData\Roaming\npm\node_modules\npm\lib\cache\caching-client.js:174:7)
37 silly fetchPackageMetaData     at C:\Users\Kamil\AppData\Roaming\npm\node_modules\npm\node_modules\graceful-fs\polyfills.js:233:18
37 silly fetchPackageMetaData     at FSReqWrap.oncomplete (fs.js:123:15) code: 'ETARGET' }
38 silly rollbackFailedOptional Starting
39 silly rollbackFailedOptional Finishing
40 silly runTopLevelLifecycles Finishing
41 silly install printInstalled
42 verbose stack Error: No compatible version found: types@react-redux
42 verbose stack Valid install targets:
42 verbose stack 0.1.1, 0.1.0, 0.0.1
42 verbose stack
42 verbose stack     at pickVersionFromRegistryDocument (C:\Users\Kamil\AppData\Roaming\npm\node_modules\npm\lib\fetch-package-metadata.js:178:16)
42 verbose stack     at C:\Users\Kamil\AppData\Roaming\npm\node_modules\npm\node_modules\iferr\index.js:13:50
42 verbose stack     at C:\Users\Kamil\AppData\Roaming\npm\node_modules\npm\lib\utils\pulse-till-done.js:20:8
42 verbose stack     at saved (C:\Users\Kamil\AppData\Roaming\npm\node_modules\npm\lib\cache\caching-client.js:174:7)
42 verbose stack     at C:\Users\Kamil\AppData\Roaming\npm\node_modules\npm\node_modules\graceful-fs\polyfills.js:233:18
42 verbose stack     at FSReqWrap.oncomplete (fs.js:123:15)
43 verbose cwd C:\experiments\365_programs\2017-01-13
44 error Windows_NT 10.0.14393
45 error argv "C:\\Program Files\\nodejs\\node.exe" "C:\\Users\\Kamil\\AppData\\Roaming\\npm\\node_modules\\npm\\bin\\npm-cli.js" "install" "types@react-redux"
46 error node v6.9.4
47 error npm  v3.10.8
48 error code ETARGET
49 error notarget No compatible version found: types@react-redux
49 error notarget Valid install targets:
49 error notarget 0.1.1, 0.1.0, 0.0.1
50 error notarget This is most likely not a problem with npm itself.
50 error notarget In most cases you or one of your dependencies are requesting
50 error notarget a package version that doesn't exist.
51 verbose exit [ 1, true ]
